<?xml version="1.0" encoding="UTF-8"?>
<!-- Generated by org.testng.reporters.JUnitReportReporter -->
<testsuite hostname="DESKTOP-I8D9V6P" failures="0" tests="1" name="CRUD_Operation.postRequest" time="5.186" errors="0" timestamp="2021-12-09T10:18:08 IST" skipped="0">
  <testcase classname="CRUD_Operation.postRequest" name="postRequestTest" time="5.186"/>
  <system-out/>
</testsuite> <!-- CRUD_Operation.postRequest -->
