<?xml version="1.0" encoding="UTF-8"?>
<!-- Generated by org.testng.reporters.JUnitReportReporter -->
<testsuite hostname="DESKTOP-I8D9V6P" failures="0" tests="1" name="EndToEndTestingUsingFramWork.Create_Project_and_Allocate_userTest" time="6.543" errors="0" timestamp="2021-12-15T12:23:12 IST" skipped="0">
  <testcase classname="EndToEndTestingUsingFramWork.Create_Project_and_Allocate_userTest" name="createProjectTest" time="6.543"/>
  <system-out/>
</testsuite> <!-- EndToEndTestingUsingFramWork.Create_Project_and_Allocate_userTest -->
