<?xml version="1.0" encoding="UTF-8"?>
<!-- Generated by org.testng.reporters.JUnitReportReporter -->
<testsuite hostname="DESKTOP-I8D9V6P" failures="0" tests="2" name="responseValidation.multipleDataForSameRequest" time="4.412" errors="0" timestamp="2021-12-10T12:01:57 IST" skipped="0">
  <testcase classname="responseValidation.multipleDataForSameRequest" name="createResponse" time="0.163"/>
  <system-out/>
  <testcase classname="responseValidation.multipleDataForSameRequest" name="createResponse" time="4.249"/>
  <system-out/>
</testsuite> <!-- responseValidation.multipleDataForSameRequest -->
