<?xml version="1.0" encoding="UTF-8"?>
<!-- Generated by org.testng.reporters.JUnitReportReporter -->
<testsuite hostname="DESKTOP-I8D9V6P" failures="0" tests="1" name="requestChainning.rmgyantraGetAndDelete" time="5.554" errors="0" timestamp="2021-12-13T12:44:05 IST" skipped="0">
  <testcase classname="requestChainning.rmgyantraGetAndDelete" name="requestChanning" time="5.554"/>
  <system-out/>
</testsuite> <!-- requestChainning.rmgyantraGetAndDelete -->
