<?xml version="1.0" encoding="UTF-8"?>
<!-- Generated by org.testng.reporters.JUnitReportReporter -->
<testsuite hostname="DESKTOP-I8D9V6P" failures="0" tests="1" name="CRUD_Operation_with_BDD.updateRequest" time="4.399" errors="0" timestamp="2021-12-09T12:38:44 IST" skipped="0">
  <testcase classname="CRUD_Operation_with_BDD.updateRequest" name="deleteRequest" time="4.399"/>
  <system-out/>
</testsuite> <!-- CRUD_Operation_with_BDD.updateRequest -->
