<?xml version="1.0" encoding="UTF-8"?>
<!-- Generated by org.testng.reporters.JUnitReportReporter -->
<testsuite hostname="DESKTOP-I8D9V6P" failures="0" tests="1" name="practiece.CreateUSer" time="3.955" errors="0" timestamp="2021-12-09T16:36:29 IST" skipped="0">
  <testcase classname="practiece.CreateUSer" name="createemployee" time="3.955"/>
  <system-out/>
</testsuite> <!-- practiece.CreateUSer -->
