<?xml version="1.0" encoding="UTF-8"?>
<!-- Generated by org.testng.reporters.JUnitReportReporter -->
<testsuite hostname="DESKTOP-I8D9V6P" failures="0" tests="1" name="CRUD_Operation_with_BDD.getRequest" time="7.363" errors="0" timestamp="2021-12-10T14:33:31 IST" skipped="0">
  <testcase classname="CRUD_Operation_with_BDD.getRequest" name="getResponse" time="7.363"/>
  <system-out/>
</testsuite> <!-- CRUD_Operation_with_BDD.getRequest -->
