<?xml version="1.0" encoding="UTF-8"?>
<!-- Generated by org.testng.reporters.JUnitReportReporter -->
<testsuite hostname="DESKTOP-I8D9V6P" failures="0" tests="1" name="SerializationOrDeSerialization.Deserialization" time="0.490" errors="0" timestamp="2021-12-13T15:55:44 IST" skipped="0">
  <testcase classname="SerializationOrDeSerialization.Deserialization" name="deser" time="0.490"/>
  <system-out/>
</testsuite> <!-- SerializationOrDeSerialization.Deserialization -->
