<?xml version="1.0" encoding="UTF-8"?>
<!-- Generated by org.testng.reporters.JUnitReportReporter -->
<testsuite hostname="DESKTOP-I8D9V6P" failures="0" tests="1" name="CRUD_Operation_with_BDD.postRequest" time="4.599" errors="0" timestamp="2021-12-09T11:41:46 IST" skipped="0">
  <testcase classname="CRUD_Operation_with_BDD.postRequest" name="createRequest" time="4.599"/>
  <system-out/>
</testsuite> <!-- CRUD_Operation_with_BDD.postRequest -->
