<?xml version="1.0" encoding="UTF-8"?>
<!-- Generated by org.testng.reporters.JUnitReportReporter -->
<testsuite hostname="DESKTOP-I8D9V6P" failures="0" tests="1" name="practiece.CreateUSerWithInvalidMobileNum" time="3.901" errors="0" timestamp="2021-12-09T16:39:44 IST" skipped="0">
  <testcase classname="practiece.CreateUSerWithInvalidMobileNum" name="CreateUSer" time="3.901"/>
  <system-out/>
</testsuite> <!-- practiece.CreateUSerWithInvalidMobileNum -->
