<?xml version="1.0" encoding="UTF-8"?>
<!-- Generated by org.testng.reporters.JUnitReportReporter -->
<testsuite hostname="DESKTOP-I8D9V6P" failures="0" tests="1" name="differentWaysToPostTheRequest.postRequestUsingPojoClass" time="4.943" errors="0" timestamp="2021-12-09T15:58:02 IST" skipped="0">
  <testcase classname="differentWaysToPostTheRequest.postRequestUsingPojoClass" name="postRequest" time="4.943"/>
  <system-out/>
</testsuite> <!-- differentWaysToPostTheRequest.postRequestUsingPojoClass -->
