<?xml version="1.0" encoding="UTF-8"?>
<!-- Generated by org.testng.reporters.JUnitReportReporter -->
<testsuite hostname="DESKTOP-I8D9V6P" failures="0" tests="1" name="Authentication.bearerToken" time="3.868" errors="0" timestamp="2021-12-13T12:57:27 IST" skipped="0">
  <testcase classname="Authentication.bearerToken" name="bearerTokenAuthentication" time="3.868"/>
  <system-out/>
</testsuite> <!-- Authentication.bearerToken -->
