<?xml version="1.0" encoding="UTF-8"?>
<!-- Generated by org.testng.reporters.JUnitReportReporter -->
<testsuite hostname="DESKTOP-I8D9V6P" failures="0" tests="1" name="SerializationOrDeSerialization.Serialization" time="0.475" errors="0" timestamp="2021-12-13T15:51:10 IST" skipped="0">
  <testcase classname="SerializationOrDeSerialization.Serialization" name="ser" time="0.475"/>
  <system-out/>
</testsuite> <!-- SerializationOrDeSerialization.Serialization -->
