<?xml version="1.0" encoding="UTF-8"?>
<!-- Generated by org.testng.reporters.JUnitReportReporter -->
<testsuite hostname="DESKTOP-I8D9V6P" failures="0" tests="1" name="CRUD_Operation.getResponse" time="4.199" errors="0" timestamp="2021-12-08T14:42:36 IST" skipped="0">
  <testcase classname="CRUD_Operation.getResponse" name="getRequest" time="4.199"/>
  <system-out/>
</testsuite> <!-- CRUD_Operation.getResponse -->
