<?xml version="1.0" encoding="UTF-8"?>
<!-- Generated by org.testng.reporters.JUnitReportReporter -->
<testsuite hostname="DESKTOP-I8D9V6P" failures="0" tests="1" name="Authentication.BerearToken" time="5.938" errors="0" timestamp="2021-12-13T13:08:23 IST" skipped="0">
  <testcase classname="Authentication.BerearToken" name="BerearTokenAuthentication" time="5.938"/>
  <system-out/>
</testsuite> <!-- Authentication.BerearToken -->
