<?xml version="1.0" encoding="UTF-8"?>
<!-- Generated by org.testng.reporters.JUnitReportReporter -->
<testsuite hostname="DESKTOP-I8D9V6P" failures="0" tests="1" name="responseValidation.staticResponse" time="5.255" errors="0" timestamp="2021-12-10T11:19:27 IST" skipped="0">
  <testcase classname="responseValidation.staticResponse" name="validation" time="5.255"/>
  <system-out/>
</testsuite> <!-- responseValidation.staticResponse -->
