<?xml version="1.0" encoding="UTF-8"?>
<!-- Generated by org.testng.reporters.JUnitReportReporter -->
<testsuite hostname="DESKTOP-I8D9V6P" failures="0" tests="1" name="requestChainning.postAndDelete" time="5.500" errors="0" timestamp="2021-12-13T14:42:47 IST" skipped="0">
  <testcase classname="requestChainning.postAndDelete" name="requestChaining" time="5.500"/>
  <system-out/>
</testsuite> <!-- requestChainning.postAndDelete -->
