<?xml version="1.0" encoding="UTF-8"?>
<!-- Generated by org.testng.reporters.JUnitReportReporter -->
<testsuite hostname="DESKTOP-I8D9V6P" failures="0" tests="1" name="EndToEnd.CreateProjectWithValidation" time="22.134" errors="0" timestamp="2021-12-13T18:27:48 IST" skipped="0">
  <testcase classname="EndToEnd.CreateProjectWithValidation" name="validation" time="22.134"/>
  <system-out/>
</testsuite> <!-- EndToEnd.CreateProjectWithValidation -->
