<?xml version="1.0" encoding="UTF-8"?>
<!-- Generated by org.testng.reporters.JUnitReportReporter -->
<testsuite hostname="DESKTOP-I8D9V6P" failures="0" tests="1" name="responseValidation.validateUsingHamcrust" time="5.065" errors="0" timestamp="2021-12-10T14:37:43 IST" skipped="0">
  <testcase classname="responseValidation.validateUsingHamcrust" name="validate" time="5.065"/>
  <system-out/>
</testsuite> <!-- responseValidation.validateUsingHamcrust -->
