<?xml version="1.0" encoding="UTF-8"?>
<!-- Generated by org.testng.reporters.JUnitReportReporter -->
<testsuite hostname="DESKTOP-I8D9V6P" failures="0" tests="1" name="parameter.QuerryParameter" time="4.326" errors="0" timestamp="2021-12-10T15:19:22 IST" skipped="0">
  <testcase classname="parameter.QuerryParameter" name="query" time="4.326"/>
  <system-out/>
</testsuite> <!-- parameter.QuerryParameter -->
