<?xml version="1.0" encoding="UTF-8"?>
<!-- Generated by org.testng.reporters.JUnitReportReporter -->
<testsuite hostname="DESKTOP-I8D9V6P" failures="0" tests="1" name="EndToEndTestingUsingFramWork.createUsingFrameWorkTest" time="4.781" errors="0" timestamp="2021-12-14T16:06:01 IST" skipped="0">
  <testcase classname="EndToEndTestingUsingFramWork.createUsingFrameWorkTest" name="createProjectTest" time="4.781"/>
  <system-out/>
</testsuite> <!-- EndToEndTestingUsingFramWork.createUsingFrameWorkTest -->
