<?xml version="1.0" encoding="UTF-8"?>
<!-- Generated by org.testng.reporters.JUnitReportReporter -->
<testsuite hostname="DESKTOP-I8D9V6P" failures="0" tests="1" name="Authentication.Oauth2" time="6.638" errors="0" timestamp="2021-12-13T12:23:30 IST" skipped="0">
  <testcase classname="Authentication.Oauth2" name="oauthAthentication" time="6.638"/>
  <system-out/>
</testsuite> <!-- Authentication.Oauth2 -->
