<?xml version="1.0" encoding="UTF-8"?>
<!-- Generated by org.testng.reporters.JUnitReportReporter -->
<testsuite hostname="DESKTOP-I8D9V6P" failures="0" tests="1" name="practiece.addSingleProjectWithCreatedStatus" time="5.299" errors="0" timestamp="2021-12-09T16:22:37 IST" skipped="0">
  <testcase classname="practiece.addSingleProjectWithCreatedStatus" name="projectCreate" time="5.299"/>
  <system-out/>
</testsuite> <!-- practiece.addSingleProjectWithCreatedStatus -->
