<?xml version="1.0" encoding="UTF-8"?>
<!-- Generated by org.testng.reporters.JUnitReportReporter -->
<testsuite hostname="DESKTOP-I8D9V6P" failures="0" tests="1" name="CRUD_Operation.Delete" time="3.477" errors="0" timestamp="2021-12-08T15:19:55 IST" skipped="0">
  <testcase classname="CRUD_Operation.Delete" name="deleteResponse" time="3.477"/>
  <system-out/>
</testsuite> <!-- CRUD_Operation.Delete -->
